appatnd/build/intermediates/manifest_merge_blame_file/debug/manifest-merger-blame-debug-report.txt
1<?xml version="1.0" encoding="utf-8"?>
2<manifest xmlns:android="http://schemas.android.com/apk/res/android"
3    package="com.example.androidattendancesystem"
4    android:versionCode="1"
5    android:versionName="1.0" >
6
7    <uses-sdk
8        android:minSdkVersion="14"
8-->src\main\AndroidManifest.xml
9        android:targetSdkVersion="26" />
9-->src\main\AndroidManifest.xml
10
11    <application
11-->src\main\AndroidManifest.xml:7:5-71:19
12        android:name="com.android.attendance.context.ApplicationContext"
12-->src\main\AndroidManifest.xml:8:10-74
13        android:allowBackup="true"
13-->src\main\AndroidManifest.xml:9:9-35
14        android:appComponentFactory="androidx.core.app.CoreComponentFactory"
14-->[androidx.core:core:1.0.0] AndroidManifest.xml:22:18-86
15        android:debuggable="true"
16        android:icon="@drawable/ic_launcher"
16-->src\main\AndroidManifest.xml:10:9-45
17        android:label="@string/app_name"
17-->src\main\AndroidManifest.xml:11:9-41
18        android:testOnly="true"
19        android:theme="@style/AppTheme" >
19-->src\main\AndroidManifest.xml:12:9-40
20        <activity
20-->src\main\AndroidManifest.xml:13:9-21:20
21            android:name="com.android.attendance.activity.MainActivity"
21-->src\main\AndroidManifest.xml:14:13-72
22            android:label="@string/app_name" >
22-->src\main\AndroidManifest.xml:15:13-45
23            <intent-filter>
23-->src\main\AndroidManifest.xml:16:13-20:29
24                <action android:name="android.intent.action.MAIN" />
24-->src\main\AndroidManifest.xml:17:17-69
24-->src\main\AndroidManifest.xml:17:25-66
25
26                <category android:name="android.intent.category.LAUNCHER" />
26-->src\main\AndroidManifest.xml:19:17-77
26-->src\main\AndroidManifest.xml:19:27-74
27            </intent-filter>
28        </activity>
29        <activity
29-->src\main\AndroidManifest.xml:22:10-25:20
30            android:name="com.android.attendance.activity.LoginActivity"
30-->src\main\AndroidManifest.xml:23:13-73
31            android:label="@string/app_name" >
31-->src\main\AndroidManifest.xml:24:13-45
32        </activity>
33        <activity
33-->src\main\AndroidManifest.xml:26:10-29:20
34            android:name="com.android.attendance.activity.MenuActivity"
34-->src\main\AndroidManifest.xml:27:13-72
35            android:label="@string/app_name" >
35-->src\main\AndroidManifest.xml:28:13-45
36        </activity>
37        <activity
37-->src\main\AndroidManifest.xml:30:10-33:20
38            android:name="com.android.attendance.activity.AddFacultyActivity"
38-->src\main\AndroidManifest.xml:31:13-78
39            android:label="@string/app_name" >
39-->src\main\AndroidManifest.xml:32:13-45
40        </activity>
41        <activity
41-->src\main\AndroidManifest.xml:34:9-37:20
42            android:name="com.android.attendance.activity.AddStudentActivity"
42-->src\main\AndroidManifest.xml:35:13-78
43            android:label="@string/app_name" >
43-->src\main\AndroidManifest.xml:36:13-45
44        </activity>
45        <activity
45-->src\main\AndroidManifest.xml:38:9-41:20
46            android:name="com.android.attendance.activity.ViewFacultyActivity"
46-->src\main\AndroidManifest.xml:39:13-79
47            android:label="@string/app_name" >
47-->src\main\AndroidManifest.xml:40:13-45
48        </activity>
49        <activity
49-->src\main\AndroidManifest.xml:42:9-45:20
50            android:name="com.android.attendance.activity.ViewStudentActivity"
50-->src\main\AndroidManifest.xml:43:13-79
51            android:label="@string/app_name" >
51-->src\main\AndroidManifest.xml:44:13-45
52        </activity>
53        <activity
53-->src\main\AndroidManifest.xml:46:9-49:20
54            android:name="com.android.attendance.activity.TestActivity"
54-->src\main\AndroidManifest.xml:47:13-72
55            android:label="@string/app_name" >
55-->src\main\AndroidManifest.xml:48:13-45
56        </activity>
57        <activity
57-->src\main\AndroidManifest.xml:50:10-53:20
58            android:name="com.android.attendance.activity.ViewStudentByBranchYear"
58-->src\main\AndroidManifest.xml:51:13-83
59            android:label="@string/app_name" >
59-->src\main\AndroidManifest.xml:52:13-45
60        </activity>
61        <activity
61-->src\main\AndroidManifest.xml:54:11-57:20
62            android:name="com.android.attendance.activity.AddAttandanceSessionActivity"
62-->src\main\AndroidManifest.xml:55:13-88
63            android:label="@string/app_name" >
63-->src\main\AndroidManifest.xml:56:13-45
64        </activity>
65        <activity
65-->src\main\AndroidManifest.xml:58:10-61:20
66            android:name="com.android.attendance.activity.AddAttendanceActivity"
66-->src\main\AndroidManifest.xml:59:13-81
67            android:label="@string/app_name" >
67-->src\main\AndroidManifest.xml:60:13-45
68        </activity>
69        <activity
69-->src\main\AndroidManifest.xml:62:10-65:20
70            android:name="com.android.attendance.activity.ViewAttendanceByFacultyActivity"
70-->src\main\AndroidManifest.xml:63:13-91
71            android:label="@string/app_name" >
71-->src\main\AndroidManifest.xml:64:13-45
72        </activity>
73        <activity
73-->src\main\AndroidManifest.xml:66:10-69:20
74            android:name="com.android.attendance.activity.ViewAttendancePerStudentActivity"
74-->src\main\AndroidManifest.xml:67:13-92
75            android:label="@string/app_name" >
75-->src\main\AndroidManifest.xml:68:13-45
76        </activity>
77    </application>
78
79</manifest>